<?xml version="1.0" encoding="UTF-8"?>
<!-- Generated by org.testng.reporters.JUnitReportReporter -->
<testsuite hostname="SRIL-8213H12" name="com.selenium.google_search_tests.GoogleTests" tests="1" failures="0" timestamp="28 Feb 2015 05:27:35 GMT" time="3.462" errors="0">
  <testcase name="googleSearchTest" time="3.462" classname="com.selenium.google_search_tests.GoogleTests"/>
</testsuite> <!-- com.selenium.google_search_tests.GoogleTests -->
